<?xml version="1.0" encoding="UTF-8"?>
<testng-results ignored="0" total="1" passed="1" failed="0" skipped="0">
  <reporter-output>
  </reporter-output>
  <suite started-at="2023-05-31T08:47:22 IST" name="Default suite" finished-at="2023-05-31T08:47:54 IST" duration-ms="32029">
    <groups>
    </groups>
    <test started-at="2023-05-31T08:47:22 IST" name="Default test" finished-at="2023-05-31T08:47:54 IST" duration-ms="32029">
      <class name="testscripts.AddpythonToCartTest">
        <test-method is-config="true" signature="classConfig()[pri:0, instance:testscripts.AddpythonToCartTest@16610890]" started-at="2023-05-31T08:47:22 IST" name="classConfig" finished-at="2023-05-31T08:47:23 IST" duration-ms="464" status="PASS">
          <reporter-output>
          </reporter-output>
        </test-method> <!-- classConfig -->
        <test-method is-config="true" signature="methodConfig()[pri:0, instance:testscripts.AddpythonToCartTest@16610890]" started-at="2023-05-31T08:47:23 IST" name="methodConfig" finished-at="2023-05-31T08:47:29 IST" duration-ms="6114" status="PASS">
          <reporter-output>
          </reporter-output>
        </test-method> <!-- methodConfig -->
        <test-method signature="addToCartTest()[pri:0, instance:testscripts.AddpythonToCartTest@16610890]" started-at="2023-05-31T08:47:29 IST" name="addToCartTest" finished-at="2023-05-31T08:47:54 IST" duration-ms="25040" status="PASS">
          <reporter-output>
          </reporter-output>
        </test-method> <!-- addToCartTest -->
        <test-method is-config="true" signature="methodTearDown()[pri:0, instance:testscripts.AddpythonToCartTest@16610890]" started-at="2023-05-31T08:47:54 IST" name="methodTearDown" finished-at="2023-05-31T08:47:54 IST" duration-ms="384" status="PASS">
          <reporter-output>
          </reporter-output>
        </test-method> <!-- methodTearDown -->
        <test-method is-config="true" signature="classTearDown()[pri:0, instance:testscripts.AddpythonToCartTest@16610890]" started-at="2023-05-31T08:47:54 IST" name="classTearDown" finished-at="2023-05-31T08:47:54 IST" duration-ms="0" status="PASS">
          <reporter-output>
          </reporter-output>
        </test-method> <!-- classTearDown -->
      </class> <!-- testscripts.AddpythonToCartTest -->
    </test> <!-- Default test -->
  </suite> <!-- Default suite -->
</testng-results>
